
RM/COBOL-85 (VER 2.01)  FOR DOS 2.00+          02/22/23  23:25:19 PAGE   1
SOURCE FILE: CON-DYN                    OPTIONS: L

 LINE   DEBUG     PG/LN  A...B.......2.........3.........4.........5.........6.........7..ID.....8

    1                       IDENTIFICATION DIVISION.
    2                       PROGRAM-ID. CON-DYN.
    3                       ENVIRONMENT DIVISION.
    4                       INPUT-OUTPUT SECTION.
    5                       FILE-CONTROL.
    6                           SELECT CLI-INDD ASSIGN TO DISK
    7                           ORGANIZATION IS INDEXED
    8                           ACCESS MODE IS DYNAMIC
    9                           RECORD KEY IS ID-CLIENTE
   10                        ALTERNATE RECORD KEY IS NOM-TAR WITH DUPLICATES
   11                        ALTERNATE RECORD KEY IS FEC-ING WITH DUPLICATES.
   12                       DATA DIVISION.
   13                       FILE SECTION.
   14                       FD CLI-INDD.
   15                   *
   16                       01 REG-CLI.
   17                           03 ID-CLIENTE  PIC 9(03).
   18                           03 NOM-CLI      PIC X(30).
   19                           03 CLA-TAR      PIC 9.
   20                           03 NOM-TAR     PIC X(20).
   21                           03 ANUA           PIC 9(05)V99.
   22                           03 FEC-ING       PIC 9(08).
   23
   24                       WORKING-STORAGE SECTION.
   25                       01 WKS-TIPOT        PIC X(20).
   26                       77 WKS-FIN            PIC 9.
   27                       77 WKS-DESC        PIC X.
   28                       77 WKS-FIND          PIC 9.
   29
   30                       PROCEDURE DIVISION.
   31    000002             INICIO.
   32    000005                 PERFORM 1000-INICIO.
   33    000008                 PERFORM 2000-PROCESO UNTIL WKS-FIN = 1.
   34    000019                 PERFORM 3000-FIN.
   35    000022                 STOP RUN.
   36
   37    000025             1000-INICIO.
   38    000028                 OPEN INPUT CLI-INDD.
   39
   40    000037             2000-PROCESO.
   41    000040                 DISPLAY SPACES LINE 5 POSITION 10 ERASE.
   42
   43    000054                 MOVE 0 TO WKS-FIND.
   44    000060                 DISPLAY "TIPO DE TARJETA:" LINE 10 POSITION 05.
   45    000072                 ACCEPT WKS-TIPOT LINE 10 POSITION 30.
   46    000084                 MOVE WKS-TIPOT TO NOM-TAR.
   47
   48    000091                 START CLI-INDD
   49                               KEY IS = NOM-TAR
   50                               INVALID KEY DISPLAY "NO EXISTE" LINE 10 POSITION 40
   51                               MOVE 1 TO WKS-FIND.
   52
   53    000122                     PERFORM 2010-DESP UNTIL WKS-FIND = 1.
   54
   55    000134                 DISPLAY "OTRA CONSULTA?(S/N):" LINE 20 POSITION 05.
   56    000146                 ACCEPT WKS-DESC LINE 20 POSITION 30.
   57    000158                 IF WKS-DESC = "N"
RM/COBOL-85 (VER 2.01)  FOR DOS 2.00+          02/22/23  23:25:19 PAGE   2
SOURCE FILE: CON-DYN                    OPTIONS: L

 LINE   DEBUG     PG/LN  A...B.......2.........3.........4.........5.........6.........7..ID.....8   CON-DYN

   58                               MOVE 1 TO WKS-FIN.
   59
   60    000174             2010-DESP.
   61    000177                 READ CLI-INDD
   62                               NEXT AT END MOVE 1 TO WKS-FIND.
   63
   64    000192                     IF WKS-TIPOT = NOM-TAR AND WKS-FIND = 0
   65                                   DISPLAY REG-CLI.
   66
   67    000215             3000-FIN.
   68    000218                 CLOSE CLI-INDD.
RM/COBOL-85 (VER 2.01)  FOR DOS 2.00+          02/22/23  23:25:19 PAGE   3
SOURCE FILE: CON-DYN                    OPTIONS: L

PROGRAM SUMMARY STATISTICS                                                                           CON-DYN


READ ONLY SIZE =                       658 (X"00000292") BYTES

READ/WRITE SIZE =                      306 (X"00000132") BYTES

OVERLAYABLE SEGMENT SIZE =               0 (X"00000000") BYTES

TOTAL SIZE (LESS I/O BUFFERS) =        964 (X"000003C4") BYTES       68 LINES

    0 ERRORS         0 WARNINGS     FOR PROGRAM CON-DYN



OBJECT VERSION LEVEL =   1
