
RM/COBOL-85 (VER 2.01)  FOR DOS 2.00+          02/25/23  01:38:24 PAGE   1
SOURCE FILE: DYN-TAR                    OPTIONS: L

 LINE   DEBUG     PG/LN  A...B.......2.........3.........4.........5.........6.........7..ID.....8

    1                       IDENTIFICATION DIVISION.
    2                       PROGRAM-ID. DYN-TAR.
    3                       ENVIRONMENT DIVISION.
    4                       INPUT-OUTPUT SECTION.
    5                       FILE-CONTROL.
    6                           SELECT CLI-INDD ASSIGN TO DISK
    7                           ORGANIZATION IS INDEXED
    8                           ACCESS MODE IS DYNAMIC
    9                           RECORD KEY IS ID-CLIENTE
   10                        ALTERNATE RECORD KEY IS NOM-TAR WITH DUPLICATES
   11                        ALTERNATE RECORD KEY IS FEC-ING WITH DUPLICATES.
   12                       DATA DIVISION.
   13                       FILE SECTION.
   14                       FD CLI-INDD.
   15                   *
   16                       01 REG-CLI.
   17                           03 ID-CLIENTE  PIC 9(03).
   18                           03 NOM-CLI      PIC X(30).
   19                           03 CLA-TAR      PIC 9.
   20                           03 NOM-TAR     PIC X(20).
   21                           03 ANUA           PIC 9(05)V99.
   22                           03 FEC-ING       PIC 9(08).
   23
   24                       WORKING-STORAGE SECTION.
   25                       01 WKS-TIPOT        PIC X(20).
   26                       77 WKS-FIN            PIC 9.
   27                       77 WKS-DESC        PIC X.
   28                       77 WKS-FIND          PIC 9.
   29
   30                       PROCEDURE DIVISION.
   31    000002             INICIO.
   32    000005                 PERFORM 1000-INICIO.
   33    000008                 PERFORM 2000-PROCESO UNTIL WKS-FIN = 1.
   34    000019                 PERFORM 3000-FIN.
   35    000022                 STOP RUN.
   36
   37    000025             1000-INICIO.
   38    000028                 OPEN INPUT CLI-INDD.
   39                   *           READ CLI-INDD
   40                   *            INVALID KEY DISPLAY "ERROR" LINE 10 POSITION 05.
   41
   42    000035                 MOVE SPACES TO NOM-TAR.
   43
   44    000042                 START CLI-INDD KEY IS GREATER OR EQUAL TO NOM-TAR.
   45
   46
   47    000059            2000-PROCESO.
   48    000062                 DISPLAY REG-CLI.
   49
   50
   51                   *           START CLI-INDD
   52                   *               KEY IS = NOM-TAR
   53                   *               INVALID KEY DISPLAY "NO EXISTE" LINE 10 POSITION 40
   54                   *               MOVE 1 TO WKS-FIND.
   55
   56    000068                 READ CLI-INDD
   57                               NEXT
RM/COBOL-85 (VER 2.01)  FOR DOS 2.00+          02/25/23  01:38:24 PAGE   2
SOURCE FILE: DYN-TAR                    OPTIONS: L

 LINE   DEBUG     PG/LN  A...B.......2.........3.........4.........5.........6.........7..ID.....8   DYN-TAR

   58                               AT END MOVE 1 TO WKS-FIN.
   59
   60                   *               IF WKS-FIN = 0
   61                   *                   DISPLAY REG-CLI.
   62
   63    000086            3000-FIN.
   64    000089                 CLOSE CLI-INDD.
RM/COBOL-85 (VER 2.01)  FOR DOS 2.00+          02/25/23  01:38:24 PAGE   3
SOURCE FILE: DYN-TAR                    OPTIONS: L

PROGRAM SUMMARY STATISTICS                                                                           DYN-TAR


READ ONLY SIZE =                       398 (X"0000018E") BYTES

READ/WRITE SIZE =                      298 (X"0000012A") BYTES

OVERLAYABLE SEGMENT SIZE =               0 (X"00000000") BYTES

TOTAL SIZE (LESS I/O BUFFERS) =        696 (X"000002B8") BYTES       64 LINES

    0 ERRORS         0 WARNINGS     FOR PROGRAM DYN-TAR



OBJECT VERSION LEVEL =   1
