
RM/COBOL-85 (VER 2.01)  FOR DOS 2.00+          02/22/23  23:23:26 PAGE   1
SOURCE FILE: DYN-ID                     OPTIONS: L

 LINE   DEBUG     PG/LN  A...B.......2.........3.........4.........5.........6.........7..ID.....8

    1                       IDENTIFICATION DIVISION.
    2                       PROGRAM-ID. DYN-ID.
    3                       ENVIRONMENT DIVISION.
    4                       INPUT-OUTPUT SECTION.
    5                       FILE-CONTROL.
    6                           SELECT CLI-INDD ASSIGN TO DISK
    7                           ORGANIZATION IS INDEXED
    8                           ACCESS MODE IS DYNAMIC
    9                           RECORD KEY IS ID-CLIENTE
   10                        ALTERNATE RECORD KEY IS NOM-TAR WITH DUPLICATES
   11                        ALTERNATE RECORD KEY IS FEC-ING WITH DUPLICATES.
   12                       DATA DIVISION.
   13                       FILE SECTION.
   14                       FD CLI-INDD.
   15                   *
   16                       01 REG-CLI.
   17                           03 ID-CLIENTE  PIC 9(03).
   18                           03 NOM-CLI      PIC X(30).
   19                           03 CLA-TAR      PIC 9.
   20                           03 NOM-TAR     PIC X(20).
   21                           03 ANUA           PIC 9(05)V99.
   22                           03 FEC-ING       PIC 9(08).
   23
   24                       WORKING-STORAGE SECTION.
   25                       01 WKS-TIPOT        PIC X(20).
   26                       77 WKS-FIN            PIC 9.
   27                       77 WKS-DESC        PIC X.
   28                       77 WKS-FIND          PIC 9.
   29
   30                       PROCEDURE DIVISION.
   31    000002             INICIO.
   32    000005                 PERFORM 1000-INICIO.
   33    000008                 PERFORM 2000-PROCESO UNTIL WKS-FIN = 1.
   34    000019                 PERFORM 3000-FIN.
   35    000022                 STOP RUN.
   36
   37    000025             1000-INICIO.
   38    000028                 OPEN INPUT CLI-INDD.
   39                   *     READ CLI-INDD
   40                   *        AT END DISPLAY "ERROR" LINE 10 POSITION 05.
   41
   42    000037            2000-PROCESO.
   43    000040                  DISPLAY REG-CLI.
   44    000046                 READ CLI-INDD
   45                           NEXT AT END MOVE 1 TO WKS-FIN.
   46                   *           IF WKS-FIN = 0
   47                   *               DISPLAY REG-CLI.
   48
   49    000063            3000-FIN.
   50    000066                 CLOSE CLI-INDD.
RM/COBOL-85 (VER 2.01)  FOR DOS 2.00+          02/22/23  23:23:26 PAGE   2
SOURCE FILE: DYN-ID                     OPTIONS: L

PROGRAM SUMMARY STATISTICS                                                                           DYN-ID


READ ONLY SIZE =                       374 (X"00000176") BYTES

READ/WRITE SIZE =                      298 (X"0000012A") BYTES

OVERLAYABLE SEGMENT SIZE =               0 (X"00000000") BYTES

TOTAL SIZE (LESS I/O BUFFERS) =        672 (X"000002A0") BYTES       50 LINES

    0 ERRORS         0 WARNINGS     FOR PROGRAM DYN-ID



OBJECT VERSION LEVEL =   1
