
RM/COBOL-85 (VER 2.01)  FOR DOS 2.00+          02/15/23  17:15:12 PAGE   1
SOURCE FILE: GEN-INDR                   OPTIONS: L

 LINE   DEBUG     PG/LN  A...B.......2.........3.........4.........5.........6.........7..ID.....8

    1                       IDENTIFICATION DIVISION.
    2                       PROGRAM-ID. GEN-INDR.
    3                       ENVIRONMENT DIVISION.
    4                       INPUT-OUTPUT SECTION.
    5                       FILE-CONTROL.
    6                           SELECT CLI-INDR ASSIGN TO DISK
    7                           ORGANIZATION IS INDEXED
    8                           ACCESS MODE IS RANDOM
    9                           RECORD KEY IS ID-CLIENTE.
   10                       DATA DIVISION.
   11                       FILE SECTION.
   12                       FD CLI-INDR.
   13                   *
   14                       01 REG-CLI.
   15                           03 ID-CLIENTE PIC 9(03).
   16                           03 NOM-CLI    PIC X(30).
   17                           03 CLA-TAR    PIC 9.
   18                           03 NOM-TAR    PIC X(20).
   19                           03 ANUA       PIC 9(05)V99.
   20                           03 FEC-ING    PIC 9(08).
   21
   22                       WORKING-STORAGE SECTION.
   23                       77 WKS-FIN            PIC 9.
   24                       77 WKS-DESC           PIC X.
   25
   26                       PROCEDURE DIVISION.
   27    000002             INICIO.
   28    000005                 PERFORM 1000-INICIO.
   29    000008                 PERFORM 2000-PROCESO UNTIL WKS-FIN = 1.
   30    000019                 PERFORM 3000-FIN.
   31    000022                 STOP RUN.
   32
   33    000025             1000-INICIO.
   34                   *    CREAR ARCHIVO.
   35                   *    PRIMERA VEZ.
   36    000028              OPEN OUTPUT CLI-INDR.
   37                   *    SI YA EXISTE:
   38                   *     OPEN I-O CLI-INDR.
   39
   40    000038             2000-PROCESO.
   41    000041                 DISPLAY "ID CLIENTE:" LINE 10 POSITION 05.
   42    000053                 ACCEPT ID-CLIENTE LINE 10 POSITION 33.
   43    000065                 DISPLAY "NOMBRE DEL CLIENTE:" LINE 11 POSITION 05.
   44    000077                 ACCEPT NOM-CLI LINE 11 POSITION 33.
   45    000089                 DISPLAY "CLAVE DE LA TARJETA:" LINE 12 POSITION 05.
   46    000101                 ACCEPT CLA-TAR LINE 12 POSITION 33.
   47
   48    000113                 IF CLA-TAR = 1
   49                               MOVE "DEBITO" TO NOM-TAR
   50                               MOVE 1000 TO ANUA
   51                           ELSE IF CLA-TAR = 2
   52                                 MOVE "CREDITO" TO NOM-TAR
   53                                 MOVE 3500 TO ANUA
   54                                 ELSE IF CLA-TAR = 3
   55                                       MOVE "NOMINA" TO NOM-TAR
   56                                       MOVE 0 TO ANUA.
   57
RM/COBOL-85 (VER 2.01)  FOR DOS 2.00+          02/15/23  17:15:12 PAGE   2
SOURCE FILE: GEN-INDR                   OPTIONS: L

 LINE   DEBUG     PG/LN  A...B.......2.........3.........4.........5.........6.........7..ID.....8   GEN-INDR

   58    000185                 DISPLAY "FECHA DE INGRESO:(AAAAMMDD)" LINE 15 POSITION 05.
   59    000198                 ACCEPT FEC-ING LINE 15 POSITION 33.
   60
   61    000210                 WRITE REG-CLI INVALID KEY
   62                                         DISPLAY "LLAVE INVALIDA".
   63
   64    000225                 DISPLAY
   65                            "DESEA CAPTURAR MAS REGISTROS?:(S/N)" LINE 17 POSITION 05.
   66    000238                 ACCEPT WKS-DESC LINE 17 POSITION 43.
   67    000250                 IF WKS-DESC = "N"
   68                               MOVE 1 TO WKS-FIN.
   69
   70
   71    000266             3000-FIN.
   72                   *    CERRAR ARCHIVO.
   73    000269                 CLOSE CLI-INDR.
RM/COBOL-85 (VER 2.01)  FOR DOS 2.00+          02/15/23  17:15:12 PAGE   3
SOURCE FILE: GEN-INDR                   OPTIONS: L

PROGRAM SUMMARY STATISTICS                                                                           GEN-INDR


READ ONLY SIZE =                       882 (X"00000372") BYTES

READ/WRITE SIZE =                      270 (X"0000010E") BYTES

OVERLAYABLE SEGMENT SIZE =               0 (X"00000000") BYTES

TOTAL SIZE (LESS I/O BUFFERS) =       1152 (X"00000480") BYTES       73 LINES

    0 ERRORS         0 WARNINGS     FOR PROGRAM GEN-INDR



OBJECT VERSION LEVEL =   1
