
RM/COBOL-85 (VER 2.01)  FOR DOS 2.00+          02/23/23  01:51:19 PAGE   1
SOURCE FILE: REP-VTAS                   OPTIONS: L

 LINE   DEBUG     PG/LN  A...B.......2.........3.........4.........5.........6.........7..ID.....8

    1                   ***************************************************************
    2                   * TEMA    : REPORTE                                           *
    3                   * OBJETIVO: ELABORACIÓN DE UN REPORTE                         *
    4                   * PROGRAMA: GENERA UN ARCHIVO DE VENDEDORES Y ELABORA A PARTIR*
    5                   *           DE ESTE ARCHIVO UN REPORTE                        *
    6                   ***************************************************************
    7                    IDENTIFICATION         DIVISION.
    8                   *--------------------------------
    9                    PROGRAM-ID.            REP-VTAS.
   10                    AUTHOR.                INFOWARE, SC.
   11                    DATE-WRITTEN.          JUNIO 2019.
   12                   *
   13                    ENVIRONMENT             DIVISION.
   14                   *-------------------------------
   15                   *
   16                    CONFIGURATION           SECTION.
   17                   *-------------------------------
   18                   *
   19                    INPUT-OUTPUT            SECTION.
   20                   *--------------------------------
   21                   *
   22                    FILE-CONTROL.
   23                   *-------------
   24                   *
   25                        SELECT VENDEDOR          ASSIGN TO DISK.
   26
   27                        SELECT  REPORTE          ASSIGN TO PRINTER.
   28
   29                   *
   30                    DATA                   DIVISION.
   31                   *-------------------------------
   32                   *
   33                    FILE                   SECTION.
   34                   *-------------------------------
   35                   *
   36                    FD VENDEDOR.
   37                   *================
   38                    01 REG-VEN.
   39                      03 CLAVE-VEN              PIC 9(03).
   40                      03 NOMBRE-VEN             PIC X(30).
   41                      03 VTAS-TOTALES           PIC 9(06)V99.
   42
   43                    FD  REPORTE.
   44                   *=================
   45                    01  LINEA                   PIC X(132).
   46
   47                   *
   48                    WORKING-STORAGE        SECTION.
   49                   *-------------------------------
   50                   * --------------   VARIABLES DE TRABAJO  -------------------
   51                    01  WKS-FIN                       PIC 9(01) VALUE ZEROES.
   52                    01  WKS-FIN-ARC                   PIC 9(01) VALUE ZEROES.
   53                    01  WKS-FIN-REP                   PIC 9(01) VALUE ZEROES.
   54                    01  WKS-CONT-LIN                  PIC 9(02).
   55                    01  WKS-CLAVE-VEN                 PIC 9(03).
   56                    01  WKS-NOMBRE-VEN                PIC X(30).
   57                    01  WKS-VTAS-TOTALES              PIC 9(05)V99.
RM/COBOL-85 (VER 2.01)  FOR DOS 2.00+          02/23/23  01:51:19 PAGE   2
SOURCE FILE: REP-VTAS                   OPTIONS: L

 LINE   DEBUG     PG/LN  A...B.......2.........3.........4.........5.........6.........7..ID.....8   REP-VTAS

   58                    01  WKS-TOTAL                     PIC 9(07)V99.
   59                    01  WKS-RES                       PIC X.
   60                    01  WKS-WAIT                      PIC X.
   61
   62                   * --------------   VARIABLES DE REPORTE  --------------------
   63                    01  WKS-ENC-1.
   64                      03 FILLER                PIC X(24) VALUE SPACES.
   65                      03 FILLER                PIC X(27)
   66                                         VALUE "REPORTE DE VENTAS MENSUALES".
   67                    01 WKS-ENC-2.
   68                      03 FILLER                PIC X(60) VALUE SPACES.
   69                      03 FILLER                PIC X(07) VALUE "PAG. : ".
   70                      03 WKS-NUM-PAG           PIC 9(02).
   71
   72                    01  WKS-ENC-3.
   73                      03 FILLER                PIC X(05)   VALUE SPACES.
   74                      03 FILLER                PIC X(05)   VALUE "CLAVE".
   75                      03 FILLER                PIC X(06)   VALUE SPACES.
   76                      03 FILLER                PIC X(06)   VALUE "NOMBRE".
   77                      03 FILLER                PIC X(28)   VALUE SPACES.
   78                      03 FILLER                PIC X(12)   VALUE "VTAS TOTALES".
   79
   80                    01  WKS-DET-1.
   81                     03 FILLER                PIC X(06)   VALUE SPACES.
   82                     03 WKS-CLAVE             PIC 9(03).
   83                     03 FILLER                PIC X(07)   VALUE SPACES.
   84                     03 WKS-NOMBRE            PIC X(30).
   85                     03 FILLER                PIC X(04)   VALUE SPACES.
   86                     03 WKS-VTAS              PIC Z(05)9.99.
   87
   88                    01  WKS-TOT-1.
   89                     03 FILLER               PIC X(22)   VALUE SPACES.
   90                     03 FILLER               PIC X(27)   VALUE
   91                                  "TOTAL DE VENTAS MENSUALES: ".
   92                     03 WKS-TOT-EDIT         PIC $(06)9.99.
   93
   94                   *
   95                    PROCEDURE              DIVISION.
   96                   *---------------------------------
   97                   *
   98    000002          100000-PROCESO-PRINCIPAL.
   99                   *
  100    000005              PERFORM 100000-PROCESO UNTIL WKS-FIN = 1
  101    000016              STOP RUN.
  102
  103    000019          100000-PROCESO.
  104    000022              DISPLAY SPACES LINE 01 POSITION 01 ERASE
  105    000036              DISPLAY "PROG QUE GENERA ARCHIVO Y REP DE VTAS DE VENDEDORES"
  106                                                                LINE 02 POSITION 10
  107    000048              DISPLAY "GENERAR ARCHIVO DE VENDEDOR (G)"
  108                                                                LINE 04 POSITION 05
  109    000060              DISPLAY "GENERAR REPORTE DE VENTAS   (R)"
  110                                                                LINE 06 POSITION 05
  111    000072              DISPLAY "PRESIONE CUALQUIER OTRA TECLA PARA SALIR..."
  112                                                                LINE 08 POSITION 05
  113    000084              ACCEPT WKS-RES                          LINE 10 POSITION 05
  114    000096              IF WKS-RES = "G"
RM/COBOL-85 (VER 2.01)  FOR DOS 2.00+          02/23/23  01:51:19 PAGE   3
SOURCE FILE: REP-VTAS                   OPTIONS: L

 LINE   DEBUG     PG/LN  A...B.......2.........3.........4.........5.........6.........7..ID.....8   REP-VTAS

  115                           PERFORM 10000-GENERA-ARCHIVO
  116                        ELSE
  117                           IF WKS-RES = "R"
  118                              PERFORM 20000-GENERA-REPORTE
  119                           ELSE
  120                              MOVE 1 TO WKS-FIN.
  121
  122                   ***************************************************
  123                   **** COMIENZA PROCESO DE GENERACIÓN DE ARCHIVO ****
  124                   **************************************************
  125                   *
  126    000132          10000-GENERA-ARCHIVO.
  127                   *=======================
  128    000135              PERFORM 11000-INICIO-GEN-ARC.
  129    000138              PERFORM 12000-PROCESO-GEN-ARC UNTIL WKS-FIN-ARC = 1.
  130    000149              PERFORM 13000-FIN-GEN-ARC.
  131
  132                   *
  133    000154          11000-INICIO-GEN-ARC.
  134                   *======================
  135    000157              OPEN EXTEND VENDEDOR.
  136
  137                   *
  138    000166          12000-PROCESO-GEN-ARC.
  139                   *======================
  140    000169              DISPLAY SPACE LINE 01  POSITION 01 ERASE.
  141    000183              DISPLAY "PROCESO DE GENERACION DE ARCHIVO"
  142                                                       LINE 03 POSITION 20.
  143
  144    000195              DISPLAY "INTRODUZCA LA CLAVE DEL VENDEDOR"
  145    000202              ACCEPT CLAVE-VEN.
  146    000208              DISPLAY "INTRODUZCA EL NOMBRE DEL VENDEDOR"
  147    000214              ACCEPT NOMBRE-VEN.
  148    000222              DISPLAY "INTRODUZCA LAS VENTAS MENSUALES:"
  149    000228              ACCEPT VTAS-TOTALES.
  150    000234              WRITE REG-VEN.
  151
  152    000241              DISPLAY "DESEA CAPTURAR MAS REGISTROS (S/N) "
  153    000247              ACCEPT WKS-RES.
  154    000255              IF WKS-RES = "N"
  155                           MOVE 1 TO WKS-FIN-ARC.
  156
  157    000271          13000-FIN-GEN-ARC.
  158                   *==================
  159    000274              CLOSE VENDEDOR.
  160    000281              DISPLAY "ARCHIVO GENERADO..."  LINE 12 POSITION 05.
  161
  162                   ***************************************************
  163                   **** COMIENZA PROCESO DE GENERACIÓN DE REPORTE ****
  164                   ***************************************************
  165                   *
  166    000295          20000-GENERA-REPORTE.
  167                   *=====================
  168    000298              DISPLAY SPACE LINE 01  POSITION 01 ERASE.
  169    000312              DISPLAY "PROCESO DE GENERACION DE REPORTE"
  170                                                       LINE 03 POSITION 20.
  171    000324              PERFORM 200100-INICIO-GEN-REP.
RM/COBOL-85 (VER 2.01)  FOR DOS 2.00+          02/23/23  01:51:19 PAGE   4
SOURCE FILE: REP-VTAS                   OPTIONS: L

 LINE   DEBUG     PG/LN  A...B.......2.........3.........4.........5.........6.........7..ID.....8   REP-VTAS

  172    000327              PERFORM 200200-PROCESO-GEN-REP UNTIL WKS-FIN-REP = 1.
  173    000338              PERFORM 200300-TERMINA-GEN-REP.
  174
  175                   *
  176    000343          200100-INICIO-GEN-REP.
  177                   *-----------------------
  178    000346              OPEN INPUT VENDEDOR
  179                        OUTPUT REPORTE.
  180    000359              PERFORM 200150-LEE-ARCHIVO.
  181    000362              IF WKS-FIN-REP = 0
  182                           PERFORM 200170-GENERA-ENCABEZADO.
  183                   *
  184    000373          200150-LEE-ARCHIVO.
  185                   *--------------------
  186    000376              READ VENDEDOR
  187                           AT END MOVE 1 TO WKS-FIN-REP.
  188                   *
  189    000393          200170-GENERA-ENCABEZADO.
  190                   *-------------------------
  191                   *
  192    000396              ADD  1                TO WKS-NUM-PAG.
  193    000401              MOVE SPACES           TO  LINEA.
  194    000407              MOVE WKS-ENC-1        TO  LINEA.
  195    000415              WRITE  LINEA AFTER PAGE.
  196    000424              MOVE WKS-ENC-2        TO  LINEA.
  197    000432              WRITE  LINEA AFTER 1.
  198    000444              MOVE WKS-ENC-3        TO  LINEA.
  199    000452              WRITE  LINEA AFTER 3.
  200    000464              MOVE 7  TO WKS-CONT-LIN.
  201                   *
  202    000473          200200-PROCESO-GEN-REP.
  203                   *----------------------
  204                   **  DETALLE ARCHIVO **
  205    000476              MOVE CLAVE-VEN          TO   WKS-CLAVE.
  206    000484              MOVE NOMBRE-VEN         TO   WKS-NOMBRE.
  207    000491              MOVE VTAS-TOTALES       TO   WKS-VTAS.
  208    000496              ADD  VTAS-TOTALES       TO   WKS-TOTAL.
  209    000502              IF WKS-CONT-LIN > 60
  210                          PERFORM 200170-GENERA-ENCABEZADO.
  211    000512              MOVE WKS-DET-1          TO   LINEA
  212    000521              WRITE LINEA AFTER 1
  213    000533              ADD 1 TO WKS-CONT-LIN.
  214    000537              PERFORM  200150-LEE-ARCHIVO.
  215                   *
  216    000542          200300-TERMINA-GEN-REP.
  217                   *--------------------
  218    000545              MOVE WKS-TOTAL        TO  WKS-TOT-EDIT
  219    000550              MOVE WKS-TOT-1        TO  LINEA
  220    000558              WRITE  LINEA AFTER 2.
  221    000570              CLOSE VENDEDOR
  222                              REPORTE.
  223    000583              DISPLAY "REPORTE GENERADO..."  LINE 12 POSITION 05.
  224    000595              DISPLAY "ACEPTAR"              LINE 13 POSITION 05
  225    000607              ACCEPT WKS-WAIT                LINE 13 POSITION 15.
  226
  227
  228
RM/COBOL-85 (VER 2.01)  FOR DOS 2.00+          02/23/23  01:51:19 PAGE   5
SOURCE FILE: REP-VTAS                   OPTIONS: L

 LINE   DEBUG     PG/LN  A...B.......2.........3.........4.........5.........6.........7..ID.....8   REP-VTAS

  229
  230
  231
  232
  233
  234
  235
  236
  237
  238
  239
  240
  241
  242
  243
  244
  245
  246
  247
  248
  249
  250
  251
  252
  253
  254
  255
  256
  257
  258
  259
  260
  261
  262
  263
  264
  265
  266
  267
  268
  269
  270
  271
  272
  273
  274
  275
  276
RM/COBOL-85 (VER 2.01)  FOR DOS 2.00+          02/23/23  01:51:19 PAGE   6
SOURCE FILE: REP-VTAS                   OPTIONS: L

PROGRAM SUMMARY STATISTICS                                                                           REP-VTAS


READ ONLY SIZE =                      1678 (X"0000068E") BYTES

READ/WRITE SIZE =                      928 (X"000003A0") BYTES

OVERLAYABLE SEGMENT SIZE =               0 (X"00000000") BYTES

TOTAL SIZE (LESS I/O BUFFERS) =       2606 (X"00000A2E") BYTES      276 LINES

    0 ERRORS         0 WARNINGS     FOR PROGRAM REP-VTAS



OBJECT VERSION LEVEL =   1
