
RM/COBOL-85 (VER 2.01)  FOR DOS 2.00+          02/23/23  19:08:33 PAGE   1
SOURCE FILE: REP-VTA1                   OPTIONS: L

 LINE   DEBUG     PG/LN  A...B.......2.........3.........4.........5.........6.........7..ID.....8

    1                   ***************************************************************
    2                   * TEMA    : REPORTE                                           *
    3                   * OBJETIVO: ELABORACIÓN DE UN REPORTE                         *
    4                   * PROGRAMA: GENERA UN ARCHIVO DE VENDEDORES Y ELABORA A PARTIR*
    5                   *           DE ESTE ARCHIVO UN REPORTE                        *
    6                   ***************************************************************
    7                    IDENTIFICATION         DIVISION.
    8                   *--------------------------------
    9                    PROGRAM-ID.            REP-VTA1.
   10                    AUTHOR.                INFOWARE, SC.
   11                    DATE-WRITTEN.          JUNIO 2019.
   12                   *
   13                    ENVIRONMENT             DIVISION.
   14                   *-------------------------------
   15                   *
   16                    CONFIGURATION           SECTION.
   17                   *-------------------------------
   18                   *
   19                    INPUT-OUTPUT            SECTION.
   20                   *--------------------------------
   21                   *
   22                    FILE-CONTROL.
   23                   *-------------
   24                   *
   25                        SELECT VENDEDOR          ASSIGN TO DISK.
   26
   27                        SELECT  REPORTE          ASSIGN TO PRINTER.
   28
   29                   *
   30                    DATA                   DIVISION.
   31                   *-------------------------------
   32                   *
   33                    FILE                   SECTION.
   34                   *-------------------------------
   35                   *
   36                    FD VENDEDOR.
   37                   *================
   38                    01 REG-VEN.
   39                      03 CLAVE-VEN              PIC 9(03).
   40                      03 NOMBRE-VEN             PIC X(30).
   41                      03 VTAS-TOTALES           PIC 9(06)V99.
   42
   43                    FD  REPORTE.
   44                   *=================
   45                    01  LINEA                   PIC X(132).
   46
   47                   *
   48                    WORKING-STORAGE        SECTION.
   49                   *-------------------------------
   50                   * --------------   VARIABLES DE TRABAJO  -------------------
   51                    01  WKS-FIN                       PIC 9(01) VALUE ZEROES.
   52                    01  WKS-FIN-ARC                   PIC 9(01) VALUE ZEROES.
   53                    01  WKS-FIN-REP                   PIC 9(01) VALUE ZEROES.
   54                    01  WKS-CONT-LIN                  PIC 9(02).
   55                    01  WKS-CLAVE-VEN                 PIC 9(03).
   56                    01  WKS-NOMBRE-VEN                PIC X(30).
   57                    01  WKS-VTAS-TOTALES              PIC 9(05)V99.
RM/COBOL-85 (VER 2.01)  FOR DOS 2.00+          02/23/23  19:08:33 PAGE   2
SOURCE FILE: REP-VTA1                   OPTIONS: L

 LINE   DEBUG     PG/LN  A...B.......2.........3.........4.........5.........6.........7..ID.....8   REP-VTA1

   58                    01  WKS-TOTAL                     PIC 9(07)V99.
   59                    01  WKS-RES                       PIC X.
   60                    01  WKS-WAIT                      PIC X.
   61
   62                       01 WKS-PCOM               PIC 999.
   63                       01 WKS-COMI                 PIC 9(05)V99.
   64                       01 WKS-COMT               PIC 9(06)V99.
   65
   66
   67                   * --------------   VARIABLES DE REPORTE  --------------------
   68                    01  WKS-ENC-1.
   69                      03 FILLER                PIC X(24) VALUE SPACES.
   70                      03 FILLER                PIC X(27)
   71                                         VALUE "REPORTE DE VENTAS MENSUALES".
   72                    01 WKS-ENC-2.
   73                      03 FILLER                PIC X(63) VALUE SPACES.
   74                      03 FILLER                PIC X(07) VALUE "PAG. : ".
   75                      03 WKS-NUM-PAG           PIC 9(02).
   76
   77                    01  WKS-ENC-3.
   78                      03 FILLER                PIC X(03)   VALUE SPACES.
   79                      03 FILLER                PIC X(05)   VALUE "CLAVE".
   80                      03 FILLER                PIC X(06)   VALUE SPACES.
   81                      03 FILLER                PIC X(06)   VALUE "NOMBRE".
   82                      03 FILLER                PIC X(20)   VALUE SPACES.
   83                         03 FILLER                PIC X(04)   VALUE "%COM".
   84                         03 FILLER                PIC X(05)   VALUE SPACES.
   85                         03 FILLER                PIC X(08)   VALUE "COMISION".
   86                         03 FILLER                PIC X(03)   VALUE SPACES.
   87                      03 FILLER                PIC X(12)   VALUE "VTAS TOTALES".
   88
   89                    01  WKS-DET-1.
   90                     03 FILLER                PIC X(04)   VALUE SPACES.
   91                     03 WKS-CLAVE             PIC 9(03).
   92                     03 FILLER                PIC X(07)   VALUE SPACES.
   93                     03 WKS-NOMBRE            PIC X(25).
   94                        03 WKS-COMF              PIC ZZZ9.
   95                        03 FILLER                PIC X(04)   VALUE SPACES.
   96                        03 WKS-COCF              PIC $ZZ,ZZ9.99.
   97                     03 FILLER                PIC X(04)   VALUE SPACES.
   98                     03 WKS-VTAS              PIC $ZZZ,ZZ9.99.
   99
  100                       01 WKS-CLIN.
  101                           03 FILLER          PIC X(72).
  102
  103                    01  WKS-TOT-1.
  104                     03 FILLER               PIC X(03)   VALUE SPACES.
  105                     03 FILLER               PIC X(08)   VALUE "TOTALES:".
  106                        03 FILLER               PIC X(35)   VALUE SPACES.
  107                        03 WKS-COMTF            PIC $ZZZ,ZZ9.99.
  108                        03 FILLER               PIC X(04)   VALUE SPACES.
  109                     03 WKS-TOT-EDIT         PIC $$$$,$$9.99.
  110
  111                   *
  112                    PROCEDURE              DIVISION.
  113                   *---------------------------------
  114                   *
RM/COBOL-85 (VER 2.01)  FOR DOS 2.00+          02/23/23  19:08:33 PAGE   3
SOURCE FILE: REP-VTA1                   OPTIONS: L

 LINE   DEBUG     PG/LN  A...B.......2.........3.........4.........5.........6.........7..ID.....8   REP-VTA1

  115    000002          100000-PROCESO-PRINCIPAL.
  116                   *
  117    000005              PERFORM 100000-PROCESO UNTIL WKS-FIN = 1
  118    000016              STOP RUN.
  119
  120    000019          100000-PROCESO.
  121    000022              DISPLAY SPACES LINE 01 POSITION 01 ERASE
  122    000036              DISPLAY "PROG QUE GENERA ARCHIVO Y REP DE VTAS DE VENDEDORES"
  123                                                                LINE 02 POSITION 10
  124    000048              DISPLAY "GENERAR ARCHIVO DE VENDEDOR (G)"
  125                                                                LINE 04 POSITION 05
  126    000060              DISPLAY "GENERAR REPORTE DE VENTAS   (R)"
  127                                                                LINE 06 POSITION 05
  128    000072              DISPLAY "PRESIONE CUALQUIER OTRA TECLA PARA SALIR..."
  129                                                                LINE 08 POSITION 05
  130    000084              ACCEPT WKS-RES                          LINE 10 POSITION 05
  131    000096              IF WKS-RES = "G"
  132                           PERFORM 10000-GENERA-ARCHIVO
  133                        ELSE
  134                           IF WKS-RES = "R"
  135                              PERFORM 20000-GENERA-REPORTE
  136                           ELSE
  137                              MOVE 1 TO WKS-FIN.
  138
  139                   ***************************************************
  140                   **** COMIENZA PROCESO DE GENERACIÓN DE ARCHIVO ****
  141                   **************************************************
  142                   *
  143    000132          10000-GENERA-ARCHIVO.
  144                   *=======================
  145    000135              PERFORM 11000-INICIO-GEN-ARC.
  146    000138              PERFORM 12000-PROCESO-GEN-ARC UNTIL WKS-FIN-ARC = 1.
  147    000149              PERFORM 13000-FIN-GEN-ARC.
  148
  149                   *
  150    000154          11000-INICIO-GEN-ARC.
  151                   *======================
  152    000157              OPEN EXTEND VENDEDOR.
  153
  154                   *
  155    000166          12000-PROCESO-GEN-ARC.
  156                   *======================
  157    000169              DISPLAY SPACE LINE 01  POSITION 01 ERASE.
  158    000183              DISPLAY "PROCESO DE GENERACION DE ARCHIVO"
  159                                                       LINE 03 POSITION 20.
  160
  161    000195              DISPLAY "INTRODUZCA LA CLAVE DEL VENDEDOR"
  162    000202              ACCEPT CLAVE-VEN.
  163    000208              DISPLAY "INTRODUZCA EL NOMBRE DEL VENDEDOR"
  164    000214              ACCEPT NOMBRE-VEN.
  165    000222              DISPLAY "INTRODUZCA LAS VENTAS MENSUALES:"
  166    000228              ACCEPT VTAS-TOTALES.
  167
  168
  169    000234              WRITE REG-VEN.
  170
  171    000242              DISPLAY "DESEA CAPTURAR MAS REGISTROS (S/N) "
RM/COBOL-85 (VER 2.01)  FOR DOS 2.00+          02/23/23  19:08:33 PAGE   4
SOURCE FILE: REP-VTA1                   OPTIONS: L

 LINE   DEBUG     PG/LN  A...B.......2.........3.........4.........5.........6.........7..ID.....8   REP-VTA1

  172    000248              ACCEPT WKS-RES.
  173    000256              IF WKS-RES = "N"
  174                           MOVE 1 TO WKS-FIN-ARC.
  175
  176    000272          13000-FIN-GEN-ARC.
  177                   *==================
  178    000275              CLOSE VENDEDOR.
  179    000282              DISPLAY "ARCHIVO GENERADO..."  LINE 12 POSITION 05.
  180
  181                   ***************************************************
  182                   **** COMIENZA PROCESO DE GENERACIÓN DE REPORTE ****
  183                   ***************************************************
  184                   *
  185    000296          20000-GENERA-REPORTE.
  186                   *=====================
  187    000299              DISPLAY SPACE LINE 01  POSITION 01 ERASE.
  188    000313              DISPLAY "PROCESO DE GENERACION DE REPORTE"
  189                                                       LINE 03 POSITION 20.
  190    000325              PERFORM 200100-INICIO-GEN-REP.
  191    000328              PERFORM 200200-PROCESO-GEN-REP UNTIL WKS-FIN-REP = 1.
  192    000339              PERFORM 200300-TERMINA-GEN-REP.
  193
  194                   *
  195    000344          200100-INICIO-GEN-REP.
  196                   *-----------------------
  197    000347              OPEN INPUT VENDEDOR
  198                        OUTPUT REPORTE.
  199    000360              PERFORM 200150-LEE-ARCHIVO.
  200    000363              IF WKS-FIN-REP = 0
  201                           PERFORM 200170-GENERA-ENCABEZADO.
  202                   *
  203    000374          200150-LEE-ARCHIVO.
  204                   *--------------------
  205    000377              READ VENDEDOR
  206                           AT END MOVE 1 TO WKS-FIN-REP.
  207                   *
  208    000394          200170-GENERA-ENCABEZADO.
  209                   *-------------------------
  210                   *
  211    000397              ADD  1                TO WKS-NUM-PAG.
  212    000402              MOVE SPACES           TO  LINEA.
  213    000408              MOVE WKS-ENC-1        TO  LINEA.
  214    000416              WRITE  LINEA AFTER PAGE.
  215    000425              MOVE WKS-ENC-2        TO  LINEA.
  216    000433              WRITE  LINEA AFTER 1.
  217    000445              MOVE WKS-ENC-3        TO  LINEA.
  218    000453              WRITE  LINEA AFTER 3.
  219    000465              MOVE 7  TO WKS-CONT-LIN.
  220                   *
  221    000474          200200-PROCESO-GEN-REP.
  222                   *----------------------
  223                   **  DETALLE ARCHIVO **
  224    000477              MOVE CLAVE-VEN          TO   WKS-CLAVE.
  225    000485              MOVE NOMBRE-VEN         TO   WKS-NOMBRE.
  226    000492              MOVE VTAS-TOTALES       TO   WKS-VTAS.
  227
  228    000497                 IF VTAS-TOTALES <= 10000
RM/COBOL-85 (VER 2.01)  FOR DOS 2.00+          02/23/23  19:08:33 PAGE   5
SOURCE FILE: REP-VTA1                   OPTIONS: L

 LINE   DEBUG     PG/LN  A...B.......2.........3.........4.........5.........6.........7..ID.....8   REP-VTA1

  229                               MOVE 0 TO WKS-PCOM
  230                           ELSE IF VTAS-TOTALES > 10000 AND VTAS-TOTALES <= 15000
  231                               MOVE 5 TO WKS-PCOM
  232                           ELSE IF VTAS-TOTALES > 15000 AND VTAS-TOTALES <= 25000
  233                               MOVE 10 TO WKS-PCOM
  234                           ELSE IF VTAS-TOTALES > 25000 AND VTAS-TOTALES <= 35000
  235                               MOVE 15 TO WKS-PCOM
  236                           ELSE IF VTAS-TOTALES > 35000
  237                               MOVE 20 TO WKS-PCOM.
  238
  239    000587                 COMPUTE
  240                               WKS-COMI = VTAS-TOTALES * WKS-PCOM / 100.
  241
  242    000598                 MOVE WKS-PCOM TO WKS-COMF.
  243    000604                 MOVE WKS-COMI TO WKS-COCF.
  244
  245    000609                 ADD WKS-COMI TO WKS-COMT.
  246
  247    000615              ADD  VTAS-TOTALES       TO   WKS-TOTAL.
  248    000621              IF WKS-CONT-LIN > 80
  249                          PERFORM 200170-GENERA-ENCABEZADO.
  250    000631              MOVE WKS-DET-1          TO   LINEA
  251    000640              WRITE LINEA AFTER 1
  252    000652              ADD 1 TO WKS-CONT-LIN.
  253    000656              PERFORM  200150-LEE-ARCHIVO.
  254                   *
  255    000661          200300-TERMINA-GEN-REP.
  256                   *--------------------
  257    000664                 MOVE ALL "-"     TO WKS-CLIN
  258    000670                 MOVE WKS-CLIN    TO LINEA
  259    000678                 WRITE LINEA AFTER 1.
  260
  261    000690                 MOVE WKS-COMT TO WKS-COMTF
  262    000695              MOVE WKS-TOTAL        TO  WKS-TOT-EDIT
  263    000700              MOVE WKS-TOT-1        TO  LINEA
  264    000708              WRITE  LINEA AFTER 1.
  265    000720              CLOSE VENDEDOR
  266                              REPORTE.
  267    000733              DISPLAY "REPORTE GENERADO..."  LINE 12 POSITION 05.
  268    000745              DISPLAY "ACEPTAR"              LINE 13 POSITION 05
  269    000757              ACCEPT WKS-WAIT                LINE 13 POSITION 15.
  270
  271
  272
  273
  274
  275
  276
  277
  278
  279
  280
  281
  282
  283
  284
  285
RM/COBOL-85 (VER 2.01)  FOR DOS 2.00+          02/23/23  19:08:33 PAGE   6
SOURCE FILE: REP-VTA1                   OPTIONS: L

 LINE   DEBUG     PG/LN  A...B.......2.........3.........4.........5.........6.........7..ID.....8   REP-VTA1

  286
  287
  288
  289
  290
  291
  292
  293
  294
  295
  296
  297
  298
  299
  300
  301
  302
  303
  304
  305
  306
  307
  308
  309
  310
  311
  312
  313
  314
  315
  316
  317
  318
  319
  320
RM/COBOL-85 (VER 2.01)  FOR DOS 2.00+          02/23/23  19:08:33 PAGE   7
SOURCE FILE: REP-VTA1                   OPTIONS: L

PROGRAM SUMMARY STATISTICS                                                                           REP-VTA1


READ ONLY SIZE =                      1962 (X"000007AA") BYTES

READ/WRITE SIZE =                     1056 (X"00000420") BYTES

OVERLAYABLE SEGMENT SIZE =               0 (X"00000000") BYTES

TOTAL SIZE (LESS I/O BUFFERS) =       3018 (X"00000BCA") BYTES      320 LINES

    0 ERRORS         0 WARNINGS     FOR PROGRAM REP-VTA1



OBJECT VERSION LEVEL =   1
